<?xml version="1.0" encoding="UTF-8"?>
<testsuite xmlns:xsi="http://www.w3.org/2001/XMLSchema-instance" xsi:noNamespaceSchemaLocation="https://maven.apache.org/surefire/maven-surefire-plugin/xsd/surefire-test-report-3.0.xsd" version="3.0" name="deu.cse.lectureroomreservation2.server.control.LoginControllerTest" time="0.128" tests="5" errors="0" skipped="0" failures="2">
  <properties>
    <property name="java.specification.version" value="21"/>
    <property name="sun.cpu.isalist" value="amd64"/>
    <property name="sun.jnu.encoding" value="MS949"/>
    <property name="java.class.path" value="C:\Users\SAMSUNG\OneDrive\바탕 화면\LRR\LRR\LectureRoomReservation2\target\test-classes;C:\Users\SAMSUNG\OneDrive\바탕 화면\LRR\LRR\LectureRoomReservation2\target\classes;C:\Users\SAMSUNG\OneDrive\바탕 화면\javasum\maven_repos\org\projectlombok\lombok\1.18.36\lombok-1.18.36.jar;C:\Users\SAMSUNG\OneDrive\바탕 화면\javasum\maven_repos\org\slf4j\slf4j-api\2.0.17\slf4j-api-2.0.17.jar;C:\Users\SAMSUNG\OneDrive\바탕 화면\javasum\maven_repos\org\yaml\snakeyaml\2.2\snakeyaml-2.2.jar;C:\Users\SAMSUNG\OneDrive\바탕 화면\javasum\maven_repos\ch\qos\logback\logback-classic\1.5.17\logback-classic-1.5.17.jar;C:\Users\SAMSUNG\OneDrive\바탕 화면\javasum\maven_repos\ch\qos\logback\logback-core\1.5.17\logback-core-1.5.17.jar;C:\Users\SAMSUNG\OneDrive\바탕 화면\javasum\maven_repos\org\junit\jupiter\junit-jupiter-engine\5.11.0-M1\junit-jupiter-engine-5.11.0-M1.jar;C:\Users\SAMSUNG\OneDrive\바탕 화면\javasum\maven_repos\org\junit\platform\junit-platform-engine\1.11.0-M1\junit-platform-engine-1.11.0-M1.jar;C:\Users\SAMSUNG\OneDrive\바탕 화면\javasum\maven_repos\org\opentest4j\opentest4j\1.3.0\opentest4j-1.3.0.jar;C:\Users\SAMSUNG\OneDrive\바탕 화면\javasum\maven_repos\org\junit\platform\junit-platform-commons\1.11.0-M1\junit-platform-commons-1.11.0-M1.jar;C:\Users\SAMSUNG\OneDrive\바탕 화면\javasum\maven_repos\org\junit\jupiter\junit-jupiter-api\5.11.0-M1\junit-jupiter-api-5.11.0-M1.jar;C:\Users\SAMSUNG\OneDrive\바탕 화면\javasum\maven_repos\org\apiguardian\apiguardian-api\1.1.2\apiguardian-api-1.1.2.jar;"/>
    <property name="java.vm.vendor" value="Azul Systems, Inc."/>
    <property name="sun.arch.data.model" value="64"/>
    <property name="user.variant" value=""/>
    <property name="java.vendor.url" value="http://www.azul.com/"/>
    <property name="user.timezone" value="Asia/Seoul"/>
    <property name="os.name" value="Windows 11"/>
    <property name="java.vm.specification.version" value="21"/>
    <property name="user.country" value="KR"/>
    <property name="sun.java.launcher" value="SUN_STANDARD"/>
    <property name="sun.boot.library.path" value="C:\Users\SAMSUNG\OneDrive\바탕 화면\backup (2)\zulu21.36.17-ca-jdk21.0.4-win_x64\bin"/>
    <property name="sun.java.command" value="C:\Users\SAMSUNG\AppData\Local\Temp\surefire12391891644452681025\surefirebooter-20250512101454927_3.jar C:\Users\SAMSUNG\AppData\Local\Temp\surefire12391891644452681025 2025-05-12T10-14-54_699-jvmRun1 surefire-20250512101454927_1tmp surefire_0-20250512101454927_2tmp"/>
    <property name="jdk.debug" value="release"/>
    <property name="test" value="deu.cse.lectureroomreservation2.server.control.LoginControllerTest"/>
    <property name="surefire.test.class.path" value="C:\Users\SAMSUNG\OneDrive\바탕 화면\LRR\LRR\LectureRoomReservation2\target\test-classes;C:\Users\SAMSUNG\OneDrive\바탕 화면\LRR\LRR\LectureRoomReservation2\target\classes;C:\Users\SAMSUNG\OneDrive\바탕 화면\javasum\maven_repos\org\projectlombok\lombok\1.18.36\lombok-1.18.36.jar;C:\Users\SAMSUNG\OneDrive\바탕 화면\javasum\maven_repos\org\slf4j\slf4j-api\2.0.17\slf4j-api-2.0.17.jar;C:\Users\SAMSUNG\OneDrive\바탕 화면\javasum\maven_repos\org\yaml\snakeyaml\2.2\snakeyaml-2.2.jar;C:\Users\SAMSUNG\OneDrive\바탕 화면\javasum\maven_repos\ch\qos\logback\logback-classic\1.5.17\logback-classic-1.5.17.jar;C:\Users\SAMSUNG\OneDrive\바탕 화면\javasum\maven_repos\ch\qos\logback\logback-core\1.5.17\logback-core-1.5.17.jar;C:\Users\SAMSUNG\OneDrive\바탕 화면\javasum\maven_repos\org\junit\jupiter\junit-jupiter-engine\5.11.0-M1\junit-jupiter-engine-5.11.0-M1.jar;C:\Users\SAMSUNG\OneDrive\바탕 화면\javasum\maven_repos\org\junit\platform\junit-platform-engine\1.11.0-M1\junit-platform-engine-1.11.0-M1.jar;C:\Users\SAMSUNG\OneDrive\바탕 화면\javasum\maven_repos\org\opentest4j\opentest4j\1.3.0\opentest4j-1.3.0.jar;C:\Users\SAMSUNG\OneDrive\바탕 화면\javasum\maven_repos\org\junit\platform\junit-platform-commons\1.11.0-M1\junit-platform-commons-1.11.0-M1.jar;C:\Users\SAMSUNG\OneDrive\바탕 화면\javasum\maven_repos\org\junit\jupiter\junit-jupiter-api\5.11.0-M1\junit-jupiter-api-5.11.0-M1.jar;C:\Users\SAMSUNG\OneDrive\바탕 화면\javasum\maven_repos\org\apiguardian\apiguardian-api\1.1.2\apiguardian-api-1.1.2.jar;"/>
    <property name="sun.cpu.endian" value="little"/>
    <property name="user.home" value="C:\Users\SAMSUNG"/>
    <property name="user.language" value="ko"/>
    <property name="java.specification.vendor" value="Oracle Corporation"/>
    <property name="java.version.date" value="2024-07-16"/>
    <property name="java.home" value="C:\Users\SAMSUNG\OneDrive\바탕 화면\backup (2)\zulu21.36.17-ca-jdk21.0.4-win_x64"/>
    <property name="file.separator" value="\"/>
    <property name="basedir" value="C:\Users\SAMSUNG\OneDrive\바탕 화면\LRR\LRR\LectureRoomReservation2"/>
    <property name="java.vm.compressedOopsMode" value="32-bit"/>
    <property name="line.separator" value="&#10;"/>
    <property name="java.vm.specification.vendor" value="Oracle Corporation"/>
    <property name="java.specification.name" value="Java Platform API Specification"/>
    <property name="surefire.real.class.path" value="C:\Users\SAMSUNG\AppData\Local\Temp\surefire12391891644452681025\surefirebooter-20250512101454927_3.jar"/>
    <property name="user.script" value=""/>
    <property name="sun.management.compiler" value="HotSpot 64-Bit Tiered Compilers"/>
    <property name="java.runtime.version" value="21.0.4+7-LTS"/>
    <property name="user.name" value="SAMSUNG"/>
    <property name="stdout.encoding" value="MS949"/>
    <property name="path.separator" value=";"/>
    <property name="os.version" value="10.0"/>
    <property name="java.runtime.name" value="OpenJDK Runtime Environment"/>
    <property name="file.encoding" value="UTF-8"/>
    <property name="java.vm.name" value="OpenJDK 64-Bit Server VM"/>
    <property name="java.vendor.version" value="Zulu21.36+17-CA"/>
    <property name="maven.ext.class.path" value="C:\Users\SAMSUNG\OneDrive\바탕 화면\backup (2)\netbeans22\java\maven-nblib\netbeans-eventspy.jar"/>
    <property name="localRepository" value="C:\Users\SAMSUNG\OneDrive\바탕 화면\javasum\maven_repos"/>
    <property name="java.vendor.url.bug" value="http://www.azul.com/support/"/>
    <property name="java.io.tmpdir" value="C:\Users\SAMSUNG\AppData\Local\Temp\"/>
    <property name="java.version" value="21.0.4"/>
    <property name="user.dir" value="C:\Users\SAMSUNG\OneDrive\바탕 화면\LRR\LRR\LectureRoomReservation2"/>
    <property name="os.arch" value="amd64"/>
    <property name="java.vm.specification.name" value="Java Virtual Machine Specification"/>
    <property name="sun.os.patch.level" value=""/>
    <property name="native.encoding" value="MS949"/>
    <property name="java.library.path" value="C:\Users\SAMSUNG\OneDrive\바탕 화면\backup (2)\zulu21.36.17-ca-jdk21.0.4-win_x64\bin;C:\WINDOWS\Sun\Java\bin;C:\WINDOWS\system32;C:\WINDOWS;C:\Program Files (x86)\Common Files\Oracle\Java\java8path;C:\Program Files (x86)\Common Files\Oracle\Java\javapath;C:\Users\SAMSUNG\AppData\Local\Programs\Python\Python39\Scripts\;C:\Users\SAMSUNG\AppData\Local\Programs\Python\Python39\;C:\Program Files\Python39\Scripts\;C:\Program Files\Python39\;C:\windows\system32;C:\windows;C:\windows\System32\Wbem;C:\windows\System32\WindowsPowerShell\v1.0\;C:\windows\System32\OpenSSH\;C:\Program Files (x86)\NVIDIA Corporation\PhysX\Common;C:\Program Files\NVIDIA Corporation\NVIDIA NvDLISR;C:\MinGW\bin;C:\WINDOWS\system32;C:\WINDOWS;C:\WINDOWS\System32\Wbem;C:\WINDOWS\System32\WindowsPowerShell\v1.0\;C:\WINDOWS\System32\OpenSSH\;C:\Program Files\dotnet\;C:\Program Files\Bandizip\;C:\Program Files (x86)\Windows Kits\10\Windows Performance Toolkit\;C:\Program Files\Git\cmd;C:\Program Files\MySQL\MySQL Shell 8.0\bin\;C:\Users\SAMSUNG\anaconda3;C:\Users\SAMSUNG\anaconda3\Library\mingw-w64\bin;C:\Users\SAMSUNG\anaconda3\Library\usr\bin;C:\Users\SAMSUNG\anaconda3\Library\bin;C:\Users\SAMSUNG\anaconda3\Scripts;C:\Python312\Scripts\;C:\Python312\;C:\Users\SAMSUNG\AppData\Local\Microsoft\WindowsApps;C:\Users\SAMSUNG\AppData\Local\Programs\Microsoft VS Code\bin;C:\Program Files\JetBrains\IntelliJ IDEA 2024.3.1\bin;;C:\Users\SAMSUNG\AppData\Local\GitHubDesktop\bin;."/>
    <property name="java.vm.info" value="mixed mode, sharing"/>
    <property name="stderr.encoding" value="MS949"/>
    <property name="java.vendor" value="Azul Systems, Inc."/>
    <property name="java.vm.version" value="21.0.4+7-LTS"/>
    <property name="sun.io.unicode.encoding" value="UnicodeLittle"/>
    <property name="java.class.version" value="65.0"/>
  </properties>
  <testcase name="testInvalidRoleWordShouldFail" classname="deu.cse.lectureroomreservation2.server.control.LoginControllerTest" time="0.053">
    <failure message="실패 ==&gt; expected: &lt;true&gt; but was: &lt;false&gt;" type="org.opentest4j.AssertionFailedError"><![CDATA[org.opentest4j.AssertionFailedError: 실패 ==> expected: <true> but was: <false>
	at org.junit.jupiter.api.AssertionFailureBuilder.build(AssertionFailureBuilder.java:151)
	at org.junit.jupiter.api.AssertionFailureBuilder.buildAndThrow(AssertionFailureBuilder.java:132)
	at org.junit.jupiter.api.AssertTrue.failNotTrue(AssertTrue.java:63)
	at org.junit.jupiter.api.AssertTrue.assertTrue(AssertTrue.java:36)
	at org.junit.jupiter.api.Assertions.assertTrue(Assertions.java:214)
	at deu.cse.lectureroomreservation2.server.control.LoginControllerTest.testInvalidRoleWordShouldFail(LoginControllerTest.java:46)
	at java.base/java.lang.reflect.Method.invoke(Method.java:580)
	at java.base/java.util.ArrayList.forEach(ArrayList.java:1596)
	at java.base/java.util.ArrayList.forEach(ArrayList.java:1596)
]]></failure>
  </testcase>
  <testcase name="testValidStudentLogin" classname="deu.cse.lectureroomreservation2.server.control.LoginControllerTest" time="0.022"/>
  <testcase name="testWrongPassword" classname="deu.cse.lectureroomreservation2.server.control.LoginControllerTest" time="0.004"/>
  <testcase name="testValidProfessorLogin" classname="deu.cse.lectureroomreservation2.server.control.LoginControllerTest" time="0.005"/>
  <testcase name="testInvalidIdLength" classname="deu.cse.lectureroomreservation2.server.control.LoginControllerTest" time="0.007">
    <failure message="실패. ==&gt; expected: &lt;true&gt; but was: &lt;false&gt;" type="org.opentest4j.AssertionFailedError"><![CDATA[org.opentest4j.AssertionFailedError: 실패. ==> expected: <true> but was: <false>
	at org.junit.jupiter.api.AssertionFailureBuilder.build(AssertionFailureBuilder.java:151)
	at org.junit.jupiter.api.AssertionFailureBuilder.buildAndThrow(AssertionFailureBuilder.java:132)
	at org.junit.jupiter.api.AssertTrue.failNotTrue(AssertTrue.java:63)
	at org.junit.jupiter.api.AssertTrue.assertTrue(AssertTrue.java:36)
	at org.junit.jupiter.api.Assertions.assertTrue(Assertions.java:214)
	at deu.cse.lectureroomreservation2.server.control.LoginControllerTest.testInvalidIdLength(LoginControllerTest.java:58)
	at java.base/java.lang.reflect.Method.invoke(Method.java:580)
	at java.base/java.util.ArrayList.forEach(ArrayList.java:1596)
	at java.base/java.util.ArrayList.forEach(ArrayList.java:1596)
]]></failure>
  </testcase>
</testsuite>