<?xml version="1.0" encoding="UTF-8"?>
<testsuite xmlns:xsi="http://www.w3.org/2001/XMLSchema-instance" xsi:noNamespaceSchemaLocation="https://maven.apache.org/surefire/maven-surefire-plugin/xsd/surefire-test-report-3.0.xsd" version="3.0" name="deu.cse.lectureroomreservation2.server.control.TableRearrangeTest" time="0.238" tests="2" errors="0" skipped="0" failures="1">
  <properties>
    <property name="java.specification.version" value="21"/>
    <property name="sun.cpu.isalist" value="amd64"/>
    <property name="sun.jnu.encoding" value="MS949"/>
    <property name="java.class.path" value="C:\Users\Jimin\Desktop\LRR\LRR\LectureRoomReservation2\target\test-classes;C:\Users\Jimin\Desktop\LRR\LRR\LectureRoomReservation2\target\classes;C:\Users\Jimin\.m2\repository\org\projectlombok\lombok\1.18.36\lombok-1.18.36.jar;C:\Users\Jimin\.m2\repository\org\slf4j\slf4j-api\2.0.17\slf4j-api-2.0.17.jar;C:\Users\Jimin\.m2\repository\org\yaml\snakeyaml\2.2\snakeyaml-2.2.jar;C:\Users\Jimin\.m2\repository\ch\qos\logback\logback-classic\1.5.17\logback-classic-1.5.17.jar;C:\Users\Jimin\.m2\repository\ch\qos\logback\logback-core\1.5.17\logback-core-1.5.17.jar;C:\Users\Jimin\.m2\repository\org\junit\jupiter\junit-jupiter-engine\5.11.0-M1\junit-jupiter-engine-5.11.0-M1.jar;C:\Users\Jimin\.m2\repository\org\junit\platform\junit-platform-engine\1.11.0-M1\junit-platform-engine-1.11.0-M1.jar;C:\Users\Jimin\.m2\repository\org\opentest4j\opentest4j\1.3.0\opentest4j-1.3.0.jar;C:\Users\Jimin\.m2\repository\org\junit\platform\junit-platform-commons\1.11.0-M1\junit-platform-commons-1.11.0-M1.jar;C:\Users\Jimin\.m2\repository\org\junit\jupiter\junit-jupiter-api\5.11.0-M1\junit-jupiter-api-5.11.0-M1.jar;C:\Users\Jimin\.m2\repository\org\apiguardian\apiguardian-api\1.1.2\apiguardian-api-1.1.2.jar;C:\Users\Jimin\.m2\repository\com\toedter\jcalendar\1.4\jcalendar-1.4.jar;"/>
    <property name="sun.awt.enableExtraMouseButtons" value="true"/>
    <property name="java.vm.vendor" value="Azul Systems, Inc."/>
    <property name="sun.arch.data.model" value="64"/>
    <property name="user.variant" value=""/>
    <property name="java.vendor.url" value="http://www.azul.com/"/>
    <property name="user.timezone" value="Asia/Seoul"/>
    <property name="os.name" value="Windows 11"/>
    <property name="java.vm.specification.version" value="21"/>
    <property name="user.country" value="KR"/>
    <property name="sun.java.launcher" value="SUN_STANDARD"/>
    <property name="sun.boot.library.path" value="C:\jdk_related\zulu21.36.17-ca-jdk21.0.4-win_x64\bin"/>
    <property name="sun.java.command" value="C:\Users\Jimin\AppData\Local\Temp\surefire16940448901214474566\surefirebooter-20250523013219145_3.jar C:\Users\Jimin\AppData\Local\Temp\surefire16940448901214474566 2025-05-23T01-32-18_781-jvmRun1 surefire-20250523013219145_1tmp surefire_0-20250523013219145_2tmp"/>
    <property name="jdk.debug" value="release"/>
    <property name="surefire.test.class.path" value="C:\Users\Jimin\Desktop\LRR\LRR\LectureRoomReservation2\target\test-classes;C:\Users\Jimin\Desktop\LRR\LRR\LectureRoomReservation2\target\classes;C:\Users\Jimin\.m2\repository\org\projectlombok\lombok\1.18.36\lombok-1.18.36.jar;C:\Users\Jimin\.m2\repository\org\slf4j\slf4j-api\2.0.17\slf4j-api-2.0.17.jar;C:\Users\Jimin\.m2\repository\org\yaml\snakeyaml\2.2\snakeyaml-2.2.jar;C:\Users\Jimin\.m2\repository\ch\qos\logback\logback-classic\1.5.17\logback-classic-1.5.17.jar;C:\Users\Jimin\.m2\repository\ch\qos\logback\logback-core\1.5.17\logback-core-1.5.17.jar;C:\Users\Jimin\.m2\repository\org\junit\jupiter\junit-jupiter-engine\5.11.0-M1\junit-jupiter-engine-5.11.0-M1.jar;C:\Users\Jimin\.m2\repository\org\junit\platform\junit-platform-engine\1.11.0-M1\junit-platform-engine-1.11.0-M1.jar;C:\Users\Jimin\.m2\repository\org\opentest4j\opentest4j\1.3.0\opentest4j-1.3.0.jar;C:\Users\Jimin\.m2\repository\org\junit\platform\junit-platform-commons\1.11.0-M1\junit-platform-commons-1.11.0-M1.jar;C:\Users\Jimin\.m2\repository\org\junit\jupiter\junit-jupiter-api\5.11.0-M1\junit-jupiter-api-5.11.0-M1.jar;C:\Users\Jimin\.m2\repository\org\apiguardian\apiguardian-api\1.1.2\apiguardian-api-1.1.2.jar;C:\Users\Jimin\.m2\repository\com\toedter\jcalendar\1.4\jcalendar-1.4.jar;"/>
    <property name="sun.cpu.endian" value="little"/>
    <property name="user.home" value="C:\Users\Jimin"/>
    <property name="user.language" value="ko"/>
    <property name="java.specification.vendor" value="Oracle Corporation"/>
    <property name="java.version.date" value="2024-07-16"/>
    <property name="java.home" value="C:\jdk_related\zulu21.36.17-ca-jdk21.0.4-win_x64"/>
    <property name="file.separator" value="\"/>
    <property name="basedir" value="C:\Users\Jimin\Desktop\LRR\LRR\LectureRoomReservation2"/>
    <property name="java.vm.compressedOopsMode" value="Zero based"/>
    <property name="line.separator" value="&#10;"/>
    <property name="java.vm.specification.vendor" value="Oracle Corporation"/>
    <property name="java.specification.name" value="Java Platform API Specification"/>
    <property name="surefire.real.class.path" value="C:\Users\Jimin\AppData\Local\Temp\surefire16940448901214474566\surefirebooter-20250523013219145_3.jar"/>
    <property name="user.script" value=""/>
    <property name="sun.management.compiler" value="HotSpot 64-Bit Tiered Compilers"/>
    <property name="java.runtime.version" value="21.0.4+7-LTS"/>
    <property name="user.name" value="Jimin"/>
    <property name="stdout.encoding" value="MS949"/>
    <property name="path.separator" value=";"/>
    <property name="os.version" value="10.0"/>
    <property name="java.runtime.name" value="OpenJDK Runtime Environment"/>
    <property name="file.encoding" value="UTF-8"/>
    <property name="java.vm.name" value="OpenJDK 64-Bit Server VM"/>
    <property name="java.vendor.version" value="Zulu21.36+17-CA"/>
    <property name="maven.ext.class.path" value="C:\jdk_related\netbeans22\java\maven-nblib\netbeans-eventspy.jar"/>
    <property name="localRepository" value="C:\Users\Jimin\.m2\repository"/>
    <property name="java.vendor.url.bug" value="http://www.azul.com/support/"/>
    <property name="java.io.tmpdir" value="C:\Users\Jimin\AppData\Local\Temp\"/>
    <property name="java.version" value="21.0.4"/>
    <property name="user.dir" value="C:\Users\Jimin\Desktop\LRR\LRR\LectureRoomReservation2"/>
    <property name="os.arch" value="amd64"/>
    <property name="java.vm.specification.name" value="Java Virtual Machine Specification"/>
    <property name="sun.os.patch.level" value=""/>
    <property name="native.encoding" value="MS949"/>
    <property name="java.library.path" value="C:\jdk_related\zulu21.36.17-ca-jdk21.0.4-win_x64\bin;C:\WINDOWS\Sun\Java\bin;C:\WINDOWS\system32;C:\WINDOWS;C:\Program Files\Common Files\Oracle\Java\javapath;C:\jdk_related\zulu21.36.17-ca-jdk21.0.4-win_x64\bin;C:\WINDOWS\system32;C:\WINDOWS;C:\WINDOWS\System32\Wbem;C:\WINDOWS\System32\WindowsPowerShell\v1.0\;C:\WINDOWS\System32\OpenSSH\;C:\Program Files (x86)\Windows Kits\10\Windows Performance Toolkit\;C:\Program Files\Bandizip\;C:\Program Files\PuTTY\;C:\Program Files\Git\cmd;C:\Users\Jimin\AppData\Local\Programs\Python\Python313\;C:\Users\Jimin\AppData\Local\Programs\Python\Python313\Scripts\;C:\mingw64\bin;C:\Users\Jimin\AppData\Local\Programs\Python\Python313\Scripts\;C:\Users\Jimin\AppData\Local\Programs\Python\Python313\;C:\Users\Jimin\AppData\Local\Microsoft\WindowsApps;C:\Users\Jimin\AppData\Local\GitHubDesktop\bin;C:\Users\Jimin\AppData\Local\Programs\Microsoft VS Code\bin;C:\Program Files\Java\jdk-21\bin;;."/>
    <property name="java.vm.info" value="mixed mode, sharing"/>
    <property name="stderr.encoding" value="MS949"/>
    <property name="java.vendor" value="Azul Systems, Inc."/>
    <property name="java.vm.version" value="21.0.4+7-LTS"/>
    <property name="sun.io.unicode.encoding" value="UnicodeLittle"/>
    <property name="java.class.version" value="65.0"/>
  </properties>
  <testcase name="testInsertTable" classname="deu.cse.lectureroomreservation2.server.control.TableRearrangeTest" time="0.154">
    <system-out><![CDATA[확인용09:00
확인용09:50
확인용908
확인용학생예약
확인용25/05/26
확인용10:00
확인용10:50
확인용null
확인용공실
확인용null
확인용11:00
확인용11:50
확인용null
확인용공실
확인용null
확인용12:00
확인용12:50
확인용null
확인용공실
확인용null
확인용13:00
확인용13:50
확인용null
확인용공실
확인용null
확인용14:00
확인용14:50
확인용null
확인용공실
확인용null
확인용15:00
확인용15:50
확인용null
확인용공실
확인용null
확인용16:00
확인용16:50
확인용null
확인용공실
확인용null
확인용17:00
확인용17:50
확인용null
확인용공실
확인용null
]]></system-out>
  </testcase>
  <testcase name="testQuickInsertTable2" classname="deu.cse.lectureroomreservation2.server.control.TableRearrangeTest" time="0.08">
    <failure message="expected: &lt;25/05/21&gt; but was: &lt;25/05/23&gt;" type="org.opentest4j.AssertionFailedError"><![CDATA[org.opentest4j.AssertionFailedError: expected: <25/05/21> but was: <25/05/23>
	at org.junit.jupiter.api.AssertionFailureBuilder.build(AssertionFailureBuilder.java:151)
	at org.junit.jupiter.api.AssertionFailureBuilder.buildAndThrow(AssertionFailureBuilder.java:132)
	at org.junit.jupiter.api.AssertEquals.failNotEqual(AssertEquals.java:197)
	at org.junit.jupiter.api.AssertEquals.assertEquals(AssertEquals.java:182)
	at org.junit.jupiter.api.AssertEquals.assertEquals(AssertEquals.java:177)
	at org.junit.jupiter.api.Assertions.assertEquals(Assertions.java:1145)
	at deu.cse.lectureroomreservation2.server.control.TableRearrangeTest.testQuickInsertTable2(TableRearrangeTest.java:120)
	at java.base/java.lang.reflect.Method.invoke(Method.java:580)
	at java.base/java.util.ArrayList.forEach(ArrayList.java:1596)
	at java.base/java.util.ArrayList.forEach(ArrayList.java:1596)
]]></failure>
    <system-out><![CDATA[[09:00, 09:50, 908, 1, 25/05/20]
[10:00, 10:50, 908, 1, 25/05/20]
[null, null, null, null, null]
[null, null, null, null, null]
[09:00, 09:50, 908, 1, 25/05/20]
[10:00, 10:50, 908, 1, 25/05/20]
[11:00, 11:50, 908, error, 화]
[15:00, 15:50, 911, error, 월]
현재 시간: 01:32+25/05/23, 요일: 금
11:00
25/05/30
금
test입니다1:FinalReservations출력
test입니다1-1:정렬및 공백 삭제후FinalReservations출력
test입니다2:finalReservationsArray출력
test입니다3:정렬후finalReservationsArray출력
남은 예약 정보:필요없는 값 제거
가능한 예약 정보:가장 빠른 시간대의 강의실 5개
[12:00, 12:50, 908]
[12:00, 12:50, 911]
[12:00, 12:50, 912]
[12:00, 12:50, 913]
[12:00, 12:50, 914]
확인용12:00
확인용12:50
확인용908
확인용공실
확인용25/05/23
확인용12:00
확인용12:50
확인용911
확인용공실
확인용25/05/23
확인용12:00
확인용12:50
확인용912
확인용공실
확인용25/05/23
확인용12:00
확인용12:50
확인용913
확인용공실
확인용25/05/23
확인용12:00
확인용12:50
확인용914
확인용공실
확인용25/05/23
]]></system-out>
  </testcase>
</testsuite>