<?xml version="1.0" encoding="UTF-8"?>
<testsuite xmlns:xsi="http://www.w3.org/2001/XMLSchema-instance" xsi:noNamespaceSchemaLocation="https://maven.apache.org/surefire/maven-surefire-plugin/xsd/surefire-test-report-3.0.xsd" version="3.0" name="deu.cse.lectureroomreservation2.server.control.TableRearrangeTest" time="0.157" tests="2" errors="0" skipped="0" failures="0">
  <properties>
    <property name="java.specification.version" value="21"/>
    <property name="sun.cpu.isalist" value="amd64"/>
    <property name="sun.jnu.encoding" value="MS949"/>
    <property name="sun.awt.enableExtraMouseButtons" value="true"/>
    <property name="java.class.path" value="C:\Users\namw2\Desktop\LRR\LRR\LectureRoomReservation2\target\test-classes;C:\Users\namw2\Desktop\LRR\LRR\LectureRoomReservation2\target\classes;C:\JDK_related\maven_repos\org\projectlombok\lombok\1.18.36\lombok-1.18.36.jar;C:\JDK_related\maven_repos\org\slf4j\slf4j-api\2.0.17\slf4j-api-2.0.17.jar;C:\JDK_related\maven_repos\org\yaml\snakeyaml\2.2\snakeyaml-2.2.jar;C:\JDK_related\maven_repos\ch\qos\logback\logback-classic\1.5.17\logback-classic-1.5.17.jar;C:\JDK_related\maven_repos\ch\qos\logback\logback-core\1.5.17\logback-core-1.5.17.jar;C:\JDK_related\maven_repos\org\junit\jupiter\junit-jupiter-engine\5.11.0-M1\junit-jupiter-engine-5.11.0-M1.jar;C:\JDK_related\maven_repos\org\junit\platform\junit-platform-engine\1.11.0-M1\junit-platform-engine-1.11.0-M1.jar;C:\JDK_related\maven_repos\org\opentest4j\opentest4j\1.3.0\opentest4j-1.3.0.jar;C:\JDK_related\maven_repos\org\junit\platform\junit-platform-commons\1.11.0-M1\junit-platform-commons-1.11.0-M1.jar;C:\JDK_related\maven_repos\org\junit\jupiter\junit-jupiter-api\5.11.0-M1\junit-jupiter-api-5.11.0-M1.jar;C:\JDK_related\maven_repos\org\apiguardian\apiguardian-api\1.1.2\apiguardian-api-1.1.2.jar;C:\JDK_related\maven_repos\com\toedter\jcalendar\1.4\jcalendar-1.4.jar;"/>
    <property name="java.vm.vendor" value="Azul Systems, Inc."/>
    <property name="sun.arch.data.model" value="64"/>
    <property name="user.variant" value=""/>
    <property name="java.vendor.url" value="http://www.azul.com/"/>
    <property name="user.timezone" value="Asia/Seoul"/>
    <property name="os.name" value="Windows 11"/>
    <property name="java.vm.specification.version" value="21"/>
    <property name="user.country" value="KR"/>
    <property name="sun.java.launcher" value="SUN_STANDARD"/>
    <property name="sun.boot.library.path" value="C:\JDK_related\ZULU\zulu21.36.17-ca-fx-jdk21.0.4-win_x64\bin"/>
    <property name="sun.java.command" value="C:\Users\namw2\AppData\Local\Temp\surefire3895888221951292915\surefirebooter-20250521005515554_3.jar C:\Users\namw2\AppData\Local\Temp\surefire3895888221951292915 2025-05-21T00-55-15_453-jvmRun1 surefire-20250521005515554_1tmp surefire_0-20250521005515554_2tmp"/>
    <property name="jdk.debug" value="release"/>
    <property name="test" value="deu.cse.lectureroomreservation2.server.control.TableRearrangeTest"/>
    <property name="surefire.test.class.path" value="C:\Users\namw2\Desktop\LRR\LRR\LectureRoomReservation2\target\test-classes;C:\Users\namw2\Desktop\LRR\LRR\LectureRoomReservation2\target\classes;C:\JDK_related\maven_repos\org\projectlombok\lombok\1.18.36\lombok-1.18.36.jar;C:\JDK_related\maven_repos\org\slf4j\slf4j-api\2.0.17\slf4j-api-2.0.17.jar;C:\JDK_related\maven_repos\org\yaml\snakeyaml\2.2\snakeyaml-2.2.jar;C:\JDK_related\maven_repos\ch\qos\logback\logback-classic\1.5.17\logback-classic-1.5.17.jar;C:\JDK_related\maven_repos\ch\qos\logback\logback-core\1.5.17\logback-core-1.5.17.jar;C:\JDK_related\maven_repos\org\junit\jupiter\junit-jupiter-engine\5.11.0-M1\junit-jupiter-engine-5.11.0-M1.jar;C:\JDK_related\maven_repos\org\junit\platform\junit-platform-engine\1.11.0-M1\junit-platform-engine-1.11.0-M1.jar;C:\JDK_related\maven_repos\org\opentest4j\opentest4j\1.3.0\opentest4j-1.3.0.jar;C:\JDK_related\maven_repos\org\junit\platform\junit-platform-commons\1.11.0-M1\junit-platform-commons-1.11.0-M1.jar;C:\JDK_related\maven_repos\org\junit\jupiter\junit-jupiter-api\5.11.0-M1\junit-jupiter-api-5.11.0-M1.jar;C:\JDK_related\maven_repos\org\apiguardian\apiguardian-api\1.1.2\apiguardian-api-1.1.2.jar;C:\JDK_related\maven_repos\com\toedter\jcalendar\1.4\jcalendar-1.4.jar;"/>
    <property name="sun.cpu.endian" value="little"/>
    <property name="user.home" value="C:\Users\namw2"/>
    <property name="user.language" value="ko"/>
    <property name="java.specification.vendor" value="Oracle Corporation"/>
    <property name="java.version.date" value="2024-07-16"/>
    <property name="java.home" value="C:\JDK_related\ZULU\zulu21.36.17-ca-fx-jdk21.0.4-win_x64"/>
    <property name="file.separator" value="\"/>
    <property name="basedir" value="C:\Users\namw2\Desktop\LRR\LRR\LectureRoomReservation2"/>
    <property name="java.vm.compressedOopsMode" value="Zero based"/>
    <property name="line.separator" value="&#10;"/>
    <property name="java.vm.specification.vendor" value="Oracle Corporation"/>
    <property name="java.specification.name" value="Java Platform API Specification"/>
    <property name="surefire.real.class.path" value="C:\Users\namw2\AppData\Local\Temp\surefire3895888221951292915\surefirebooter-20250521005515554_3.jar"/>
    <property name="user.script" value=""/>
    <property name="sun.management.compiler" value="HotSpot 64-Bit Tiered Compilers"/>
    <property name="java.runtime.version" value="21.0.4+7-LTS"/>
    <property name="user.name" value="namw2"/>
    <property name="stdout.encoding" value="MS949"/>
    <property name="path.separator" value=";"/>
    <property name="os.version" value="10.0"/>
    <property name="java.runtime.name" value="OpenJDK Runtime Environment"/>
    <property name="file.encoding" value="UTF-8"/>
    <property name="java.vm.name" value="OpenJDK 64-Bit Server VM"/>
    <property name="java.vendor.version" value="Zulu21.36+17-CA"/>
    <property name="maven.ext.class.path" value="C:\JDK_related\NETBEANS\netbeans22\java\maven-nblib\netbeans-eventspy.jar"/>
    <property name="localRepository" value="C:\JDK_related\maven_repos"/>
    <property name="java.vendor.url.bug" value="http://www.azul.com/support/"/>
    <property name="java.io.tmpdir" value="C:\Users\namw2\AppData\Local\Temp\"/>
    <property name="java.version" value="21.0.4"/>
    <property name="user.dir" value="C:\Users\namw2\Desktop\LRR\LRR\LectureRoomReservation2"/>
    <property name="os.arch" value="amd64"/>
    <property name="java.vm.specification.name" value="Java Virtual Machine Specification"/>
    <property name="sun.os.patch.level" value=""/>
    <property name="native.encoding" value="MS949"/>
    <property name="java.library.path" value="C:\JDK_related\ZULU\zulu21.36.17-ca-fx-jdk21.0.4-win_x64\bin;C:\Windows\Sun\Java\bin;C:\Windows\system32;C:\Windows;C:\Windows\system32;C:\Windows;C:\Windows\System32\Wbem;C:\Windows\System32\WindowsPowerShell\v1.0\;C:\Windows\System32\OpenSSH\;C:\Program Files (x86)\Windows Kits\10\Windows Performance Toolkit\;C:\Program Files\Git\cmd;C:\Users\namw2\anaconda3;C:\Users\namw2\anaconda3\Library\mingw-w64\bin;C:\Users\namw2\anaconda3\Library\usr\bin;C:\Users\namw2\anaconda3\Library\bin;C:\Users\namw2\anaconda3\Scripts;C:\Users\namw2\AppData\Local\Microsoft\WindowsApps;C:\Users\namw2\AppData\Local\Programs\Microsoft VS Code\bin;C:\Users\namw2\AppData\Local\GitHubDesktop\bin;."/>
    <property name="java.vm.info" value="mixed mode, sharing"/>
    <property name="stderr.encoding" value="MS949"/>
    <property name="java.vendor" value="Azul Systems, Inc."/>
    <property name="java.vm.version" value="21.0.4+7-LTS"/>
    <property name="sun.io.unicode.encoding" value="UnicodeLittle"/>
    <property name="java.class.version" value="65.0"/>
  </properties>
  <testcase name="testInsertTable" classname="deu.cse.lectureroomreservation2.server.control.TableRearrangeTest" time="0.123">
    <system-out><![CDATA[확인용09:00
확인용09:50
확인용908
확인용학생예약
확인용25/05/26
확인용10:00
확인용10:50
확인용null
확인용공실
확인용null
확인용11:00
확인용11:50
확인용null
확인용공실
확인용null
확인용12:00
확인용12:50
확인용null
확인용공실
확인용null
확인용13:00
확인용13:50
확인용null
확인용공실
확인용null
확인용14:00
확인용14:50
확인용null
확인용공실
확인용null
확인용15:00
확인용15:50
확인용null
확인용공실
확인용null
확인용16:00
확인용16:50
확인용null
확인용공실
확인용null
확인용17:00
확인용17:50
확인용null
확인용공실
확인용null
]]></system-out>
  </testcase>
  <testcase name="testQuickInsertTable2" classname="deu.cse.lectureroomreservation2.server.control.TableRearrangeTest" time="0.017">
    <system-out><![CDATA[[09:00, 09:50, 908, 1, 25/05/20]
[10:00, 10:50, 908, 1, 25/05/20]
[null, null, null, null, null]
[null, null, null, null, null]
[09:00, 09:50, 908, 1, 25/05/20]
[10:00, 10:50, 908, 1, 25/05/20]
[11:00, 11:50, 908, error, 화]
[15:00, 15:50, 911, error, 월]
현재 시간: 00:55+25/05/21, 요일: 수
11:00
25/05/30
금
test입니다1:FinalReservations출력
test입니다1-1:정렬및 공백 삭제후FinalReservations출력
test입니다2:finalReservationsArray출력
test입니다3:정렬후finalReservationsArray출력
남은 예약 정보:필요없는 값 제거
가능한 예약 정보:가장 빠른 시간대의 강의실 5개
[12:00, 12:50, 908]
[12:00, 12:50, 911]
[12:00, 12:50, 912]
[12:00, 12:50, 913]
[12:00, 12:50, 914]
확인용12:00
확인용12:50
확인용908
확인용공실
확인용25/05/21
확인용12:00
확인용12:50
확인용911
확인용공실
확인용25/05/21
확인용12:00
확인용12:50
확인용912
확인용공실
확인용25/05/21
확인용12:00
확인용12:50
확인용913
확인용공실
확인용25/05/21
확인용12:00
확인용12:50
확인용914
확인용공실
확인용25/05/21
]]></system-out>
  </testcase>
</testsuite>